<?xml version="1.0" encoding="UTF-8"?>
<testsuite name="io.opentelemetry.instrumentation.api.semconv.network.NetworkAttributesExtractorInetSocketAddressTest" tests="2" skipped="0" failures="0" errors="0" timestamp="2024-03-22T12:44:20" hostname="luyanbo-MBP.local" time="0.004">
  <properties/>
  <testcase name="noAttributes()" classname="io.opentelemetry.instrumentation.api.semconv.network.NetworkAttributesExtractorInetSocketAddressTest" time="0.002"/>
  <testcase name="fullAddress()" classname="io.opentelemetry.instrumentation.api.semconv.network.NetworkAttributesExtractorInetSocketAddressTest" time="0.001"/>
  <system-out><![CDATA[]]></system-out>
  <system-err><![CDATA[]]></system-err>
</testsuite>
