<?xml version="1.0" encoding="UTF-8"?>
<testsuite name="io.opentelemetry.instrumentation.api.instrumenter.AttributesExtractorTest" tests="1" skipped="0" failures="0" errors="0" timestamp="2024-03-22T12:44:15" hostname="luyanbo-MBP.local" time="0.302">
  <properties/>
  <testcase name="normal()" classname="io.opentelemetry.instrumentation.api.instrumenter.AttributesExtractorTest" time="0.302"/>
  <system-out><![CDATA[]]></system-out>
  <system-err><![CDATA[]]></system-err>
</testsuite>
