<?xml version="1.0" encoding="UTF-8"?>
<testsuite name="io.opentelemetry.instrumentation.api.semconv.http.HttpSpanNameExtractorTest" tests="3" skipped="0" failures="0" errors="0" timestamp="2024-03-22T12:44:20" hostname="luyanbo-MBP.local" time="0.074">
  <properties/>
  <testcase name="method()" classname="io.opentelemetry.instrumentation.api.semconv.http.HttpSpanNameExtractorTest" time="0.069"/>
  <testcase name="routeAndMethod()" classname="io.opentelemetry.instrumentation.api.semconv.http.HttpSpanNameExtractorTest" time="0.002"/>
  <testcase name="nothing()" classname="io.opentelemetry.instrumentation.api.semconv.http.HttpSpanNameExtractorTest" time="0.001"/>
  <system-out><![CDATA[]]></system-out>
  <system-err><![CDATA[]]></system-err>
</testsuite>
