<?xml version="1.0" encoding="UTF-8"?>
<testsuite name="io.opentelemetry.instrumentation.api.semconv.network.NetworkAttributesExtractorTest" tests="3" skipped="0" failures="0" errors="0" timestamp="2024-03-22T12:44:20" hostname="luyanbo-MBP.local" time="0.003">
  <properties/>
  <testcase name="allAttributes()" classname="io.opentelemetry.instrumentation.api.semconv.network.NetworkAttributesExtractorTest" time="0.001"/>
  <testcase name="doesNotSetNegativePortValues()" classname="io.opentelemetry.instrumentation.api.semconv.network.NetworkAttributesExtractorTest" time="0.001"/>
  <testcase name="noAttributes()" classname="io.opentelemetry.instrumentation.api.semconv.network.NetworkAttributesExtractorTest" time="0.0"/>
  <system-out><![CDATA[]]></system-out>
  <system-err><![CDATA[]]></system-err>
</testsuite>
