<?xml version="1.0" encoding="UTF-8"?>
<testsuite name="io.opentelemetry.instrumentation.api.semconv.network.ServerAttributesExtractorTest" tests="4" skipped="0" failures="0" errors="0" timestamp="2024-03-22T12:44:20" hostname="luyanbo-MBP.local" time="0.006">
  <properties/>
  <testcase name="portWithoutAddress()" classname="io.opentelemetry.instrumentation.api.semconv.network.ServerAttributesExtractorTest" time="0.002"/>
  <testcase name="doesNotSetNegativePortValue()" classname="io.opentelemetry.instrumentation.api.semconv.network.ServerAttributesExtractorTest" time="0.001"/>
  <testcase name="allAttributes()" classname="io.opentelemetry.instrumentation.api.semconv.network.ServerAttributesExtractorTest" time="0.001"/>
  <testcase name="noAttributes()" classname="io.opentelemetry.instrumentation.api.semconv.network.ServerAttributesExtractorTest" time="0.001"/>
  <system-out><![CDATA[]]></system-out>
  <system-err><![CDATA[]]></system-err>
</testsuite>
