<?xml version="1.0" encoding="UTF-8"?>
<testsuite name="io.opentelemetry.instrumentation.api.instrumenter.PropagatorBasedSpanLinksExtractorTest" tests="1" skipped="0" failures="0" errors="0" timestamp="2024-03-22T12:44:18" hostname="luyanbo-MBP.local" time="0.056">
  <properties/>
  <testcase name="shouldExtractSpanLink()" classname="io.opentelemetry.instrumentation.api.instrumenter.PropagatorBasedSpanLinksExtractorTest" time="0.056"/>
  <system-out><![CDATA[]]></system-out>
  <system-err><![CDATA[]]></system-err>
</testsuite>
