<?xml version="1.0" encoding="UTF-8"?>
<testsuite name="io.opentelemetry.instrumentation.api.semconv.http.HttpSpanStatusExtractorTest" tests="54" skipped="0" failures="0" errors="0" timestamp="2024-03-22T12:44:20" hostname="luyanbo-MBP.local" time="0.216">
  <properties/>
  <testcase name="hasNoClientStatus_fallsBackToDefault_error()" classname="io.opentelemetry.instrumentation.api.semconv.http.HttpSpanStatusExtractorTest" time="0.004"/>
  <testcase name="hasNoClientStatus_fallsBackToDefault_unset()" classname="io.opentelemetry.instrumentation.api.semconv.http.HttpSpanStatusExtractorTest" time="0.003"/>
  <testcase name="[1] 1" classname="io.opentelemetry.instrumentation.api.semconv.http.HttpSpanStatusExtractorTest" time="0.004"/>
  <testcase name="[2] 100" classname="io.opentelemetry.instrumentation.api.semconv.http.HttpSpanStatusExtractorTest" time="0.002"/>
  <testcase name="[3] 101" classname="io.opentelemetry.instrumentation.api.semconv.http.HttpSpanStatusExtractorTest" time="0.002"/>
  <testcase name="[4] 200" classname="io.opentelemetry.instrumentation.api.semconv.http.HttpSpanStatusExtractorTest" time="0.002"/>
  <testcase name="[5] 201" classname="io.opentelemetry.instrumentation.api.semconv.http.HttpSpanStatusExtractorTest" time="0.002"/>
  <testcase name="[6] 300" classname="io.opentelemetry.instrumentation.api.semconv.http.HttpSpanStatusExtractorTest" time="0.003"/>
  <testcase name="[7] 301" classname="io.opentelemetry.instrumentation.api.semconv.http.HttpSpanStatusExtractorTest" time="0.003"/>
  <testcase name="[8] 500" classname="io.opentelemetry.instrumentation.api.semconv.http.HttpSpanStatusExtractorTest" time="0.002"/>
  <testcase name="[9] 501" classname="io.opentelemetry.instrumentation.api.semconv.http.HttpSpanStatusExtractorTest" time="0.003"/>
  <testcase name="[10] 600" classname="io.opentelemetry.instrumentation.api.semconv.http.HttpSpanStatusExtractorTest" time="0.003"/>
  <testcase name="[11] 601" classname="io.opentelemetry.instrumentation.api.semconv.http.HttpSpanStatusExtractorTest" time="0.004"/>
  <testcase name="hasNoServerStatus_fallsBackToDefault_error()" classname="io.opentelemetry.instrumentation.api.semconv.http.HttpSpanStatusExtractorTest" time="0.004"/>
  <testcase name="hasNoServerStatus_fallsBackToDefault_unset()" classname="io.opentelemetry.instrumentation.api.semconv.http.HttpSpanStatusExtractorTest" time="0.003"/>
  <testcase name="[1] 1" classname="io.opentelemetry.instrumentation.api.semconv.http.HttpSpanStatusExtractorTest" time="0.003"/>
  <testcase name="[2] 100" classname="io.opentelemetry.instrumentation.api.semconv.http.HttpSpanStatusExtractorTest" time="0.002"/>
  <testcase name="[3] 101" classname="io.opentelemetry.instrumentation.api.semconv.http.HttpSpanStatusExtractorTest" time="0.002"/>
  <testcase name="[4] 200" classname="io.opentelemetry.instrumentation.api.semconv.http.HttpSpanStatusExtractorTest" time="0.001"/>
  <testcase name="[5] 201" classname="io.opentelemetry.instrumentation.api.semconv.http.HttpSpanStatusExtractorTest" time="0.003"/>
  <testcase name="[6] 300" classname="io.opentelemetry.instrumentation.api.semconv.http.HttpSpanStatusExtractorTest" time="0.003"/>
  <testcase name="[7] 301" classname="io.opentelemetry.instrumentation.api.semconv.http.HttpSpanStatusExtractorTest" time="0.003"/>
  <testcase name="[8] 400" classname="io.opentelemetry.instrumentation.api.semconv.http.HttpSpanStatusExtractorTest" time="0.002"/>
  <testcase name="[9] 401" classname="io.opentelemetry.instrumentation.api.semconv.http.HttpSpanStatusExtractorTest" time="0.002"/>
  <testcase name="[10] 500" classname="io.opentelemetry.instrumentation.api.semconv.http.HttpSpanStatusExtractorTest" time="0.003"/>
  <testcase name="[11] 501" classname="io.opentelemetry.instrumentation.api.semconv.http.HttpSpanStatusExtractorTest" time="0.003"/>
  <testcase name="[12] 600" classname="io.opentelemetry.instrumentation.api.semconv.http.HttpSpanStatusExtractorTest" time="0.002"/>
  <testcase name="[13] 601" classname="io.opentelemetry.instrumentation.api.semconv.http.HttpSpanStatusExtractorTest" time="0.003"/>
  <testcase name="[1] 1" classname="io.opentelemetry.instrumentation.api.semconv.http.HttpSpanStatusExtractorTest" time="0.003"/>
  <testcase name="[2] 100" classname="io.opentelemetry.instrumentation.api.semconv.http.HttpSpanStatusExtractorTest" time="0.004"/>
  <testcase name="[3] 101" classname="io.opentelemetry.instrumentation.api.semconv.http.HttpSpanStatusExtractorTest" time="0.003"/>
  <testcase name="[4] 200" classname="io.opentelemetry.instrumentation.api.semconv.http.HttpSpanStatusExtractorTest" time="0.004"/>
  <testcase name="[5] 201" classname="io.opentelemetry.instrumentation.api.semconv.http.HttpSpanStatusExtractorTest" time="0.003"/>
  <testcase name="[6] 300" classname="io.opentelemetry.instrumentation.api.semconv.http.HttpSpanStatusExtractorTest" time="0.004"/>
  <testcase name="[7] 301" classname="io.opentelemetry.instrumentation.api.semconv.http.HttpSpanStatusExtractorTest" time="0.003"/>
  <testcase name="[8] 400" classname="io.opentelemetry.instrumentation.api.semconv.http.HttpSpanStatusExtractorTest" time="0.003"/>
  <testcase name="[9] 401" classname="io.opentelemetry.instrumentation.api.semconv.http.HttpSpanStatusExtractorTest" time="0.002"/>
  <testcase name="[10] 500" classname="io.opentelemetry.instrumentation.api.semconv.http.HttpSpanStatusExtractorTest" time="0.003"/>
  <testcase name="[11] 501" classname="io.opentelemetry.instrumentation.api.semconv.http.HttpSpanStatusExtractorTest" time="0.003"/>
  <testcase name="[12] 600" classname="io.opentelemetry.instrumentation.api.semconv.http.HttpSpanStatusExtractorTest" time="0.003"/>
  <testcase name="[13] 601" classname="io.opentelemetry.instrumentation.api.semconv.http.HttpSpanStatusExtractorTest" time="0.004"/>
  <testcase name="[1] 1" classname="io.opentelemetry.instrumentation.api.semconv.http.HttpSpanStatusExtractorTest" time="0.003"/>
  <testcase name="[2] 100" classname="io.opentelemetry.instrumentation.api.semconv.http.HttpSpanStatusExtractorTest" time="0.004"/>
  <testcase name="[3] 101" classname="io.opentelemetry.instrumentation.api.semconv.http.HttpSpanStatusExtractorTest" time="0.004"/>
  <testcase name="[4] 200" classname="io.opentelemetry.instrumentation.api.semconv.http.HttpSpanStatusExtractorTest" time="0.003"/>
  <testcase name="[5] 201" classname="io.opentelemetry.instrumentation.api.semconv.http.HttpSpanStatusExtractorTest" time="0.002"/>
  <testcase name="[6] 300" classname="io.opentelemetry.instrumentation.api.semconv.http.HttpSpanStatusExtractorTest" time="0.003"/>
  <testcase name="[7] 301" classname="io.opentelemetry.instrumentation.api.semconv.http.HttpSpanStatusExtractorTest" time="0.002"/>
  <testcase name="[8] 400" classname="io.opentelemetry.instrumentation.api.semconv.http.HttpSpanStatusExtractorTest" time="0.003"/>
  <testcase name="[9] 401" classname="io.opentelemetry.instrumentation.api.semconv.http.HttpSpanStatusExtractorTest" time="0.002"/>
  <testcase name="[10] 500" classname="io.opentelemetry.instrumentation.api.semconv.http.HttpSpanStatusExtractorTest" time="0.003"/>
  <testcase name="[11] 501" classname="io.opentelemetry.instrumentation.api.semconv.http.HttpSpanStatusExtractorTest" time="0.003"/>
  <testcase name="[12] 600" classname="io.opentelemetry.instrumentation.api.semconv.http.HttpSpanStatusExtractorTest" time="0.003"/>
  <testcase name="[13] 601" classname="io.opentelemetry.instrumentation.api.semconv.http.HttpSpanStatusExtractorTest" time="0.002"/>
  <system-out><![CDATA[]]></system-out>
  <system-err><![CDATA[]]></system-err>
</testsuite>
