<?xml version="1.0" encoding="UTF-8"?>
<testsuite name="io.opentelemetry.instrumentation.api.semconv.http.HttpClientAttributesExtractorTest" tests="34" skipped="0" failures="0" errors="0" timestamp="2024-03-22T12:44:19" hostname="luyanbo-MBP.local" time="0.096">
  <properties/>
  <testcase name="[1] PURGE" classname="io.opentelemetry.instrumentation.api.semconv.http.HttpClientAttributesExtractorTest" time="0.016"/>
  <testcase name="[2] not a method really" classname="io.opentelemetry.instrumentation.api.semconv.http.HttpClientAttributesExtractorTest" time="0.001"/>
  <testcase name="[1] TRACE" classname="io.opentelemetry.instrumentation.api.semconv.http.HttpClientAttributesExtractorTest" time="0.001"/>
  <testcase name="[2] HEAD" classname="io.opentelemetry.instrumentation.api.semconv.http.HttpClientAttributesExtractorTest" time="0.001"/>
  <testcase name="[3] DELETE" classname="io.opentelemetry.instrumentation.api.semconv.http.HttpClientAttributesExtractorTest" time="0.001"/>
  <testcase name="[4] POST" classname="io.opentelemetry.instrumentation.api.semconv.http.HttpClientAttributesExtractorTest" time="0.001"/>
  <testcase name="[5] GET" classname="io.opentelemetry.instrumentation.api.semconv.http.HttpClientAttributesExtractorTest" time="0.001"/>
  <testcase name="[6] CONNECT" classname="io.opentelemetry.instrumentation.api.semconv.http.HttpClientAttributesExtractorTest" time="0.001"/>
  <testcase name="[7] OPTIONS" classname="io.opentelemetry.instrumentation.api.semconv.http.HttpClientAttributesExtractorTest" time="0.0"/>
  <testcase name="[8] PATCH" classname="io.opentelemetry.instrumentation.api.semconv.http.HttpClientAttributesExtractorTest" time="0.001"/>
  <testcase name="[9] PUT" classname="io.opentelemetry.instrumentation.api.semconv.http.HttpClientAttributesExtractorTest" time="0.001"/>
  <testcase name="[1] only" classname="io.opentelemetry.instrumentation.api.semconv.http.HttpClientAttributesExtractorTest" time="0.001"/>
  <testcase name="[2] custom" classname="io.opentelemetry.instrumentation.api.semconv.http.HttpClientAttributesExtractorTest" time="0.001"/>
  <testcase name="[3] methods" classname="io.opentelemetry.instrumentation.api.semconv.http.HttpClientAttributesExtractorTest" time="0.001"/>
  <testcase name="[4] allowed" classname="io.opentelemetry.instrumentation.api.semconv.http.HttpClientAttributesExtractorTest" time="0.001"/>
  <testcase name="shouldExtractErrorType_httpStatusCode()" classname="io.opentelemetry.instrumentation.api.semconv.http.HttpClientAttributesExtractorTest" time="0.002"/>
  <testcase name="normal()" classname="io.opentelemetry.instrumentation.api.semconv.http.HttpClientAttributesExtractorTest" time="0.007"/>
  <testcase name="shouldExtractErrorType_exceptionClassName()" classname="io.opentelemetry.instrumentation.api.semconv.http.HttpClientAttributesExtractorTest" time="0.0"/>
  <testcase name="[1] get" classname="io.opentelemetry.instrumentation.api.semconv.http.HttpClientAttributesExtractorTest" time="0.001"/>
  <testcase name="[2] Get" classname="io.opentelemetry.instrumentation.api.semconv.http.HttpClientAttributesExtractorTest" time="0.001"/>
  <testcase name="shouldExtractServerAddressAndPortFromHostHeader()" classname="io.opentelemetry.instrumentation.api.semconv.http.HttpClientAttributesExtractorTest" time="0.002"/>
  <testcase name="[1] TRACE" classname="io.opentelemetry.instrumentation.api.semconv.http.HttpClientAttributesExtractorTest" time="0.001"/>
  <testcase name="[2] HEAD" classname="io.opentelemetry.instrumentation.api.semconv.http.HttpClientAttributesExtractorTest" time="0.001"/>
  <testcase name="[3] DELETE" classname="io.opentelemetry.instrumentation.api.semconv.http.HttpClientAttributesExtractorTest" time="0.0"/>
  <testcase name="[4] POST" classname="io.opentelemetry.instrumentation.api.semconv.http.HttpClientAttributesExtractorTest" time="0.001"/>
  <testcase name="[5] GET" classname="io.opentelemetry.instrumentation.api.semconv.http.HttpClientAttributesExtractorTest" time="0.001"/>
  <testcase name="[6] CONNECT" classname="io.opentelemetry.instrumentation.api.semconv.http.HttpClientAttributesExtractorTest" time="0.001"/>
  <testcase name="[7] OPTIONS" classname="io.opentelemetry.instrumentation.api.semconv.http.HttpClientAttributesExtractorTest" time="0.001"/>
  <testcase name="[8] PATCH" classname="io.opentelemetry.instrumentation.api.semconv.http.HttpClientAttributesExtractorTest" time="0.001"/>
  <testcase name="[9] PUT" classname="io.opentelemetry.instrumentation.api.semconv.http.HttpClientAttributesExtractorTest" time="0.001"/>
  <testcase name="shouldExtractProtocolNameDifferentFromHttp()" classname="io.opentelemetry.instrumentation.api.semconv.http.HttpClientAttributesExtractorTest" time="0.001"/>
  <testcase name="shouldExtractPeerAddressEvenIfItDuplicatesServerAddress()" classname="io.opentelemetry.instrumentation.api.semconv.http.HttpClientAttributesExtractorTest" time="0.003"/>
  <testcase name="shouldExtractErrorType_other()" classname="io.opentelemetry.instrumentation.api.semconv.http.HttpClientAttributesExtractorTest" time="0.001"/>
  <testcase name="shouldExtractErrorType_getter()" classname="io.opentelemetry.instrumentation.api.semconv.http.HttpClientAttributesExtractorTest" time="0.0"/>
  <system-out><![CDATA[]]></system-out>
  <system-err><![CDATA[]]></system-err>
</testsuite>
