<?xml version="1.0" encoding="UTF-8"?>
<testsuite name="io.opentelemetry.instrumentation.api.internal.SupportabilityMetricsTest" tests="3" skipped="0" failures="0" errors="0" timestamp="2024-03-22T12:44:18" hostname="luyanbo-MBP.local" time="0.01">
  <properties/>
  <testcase name="resetsCountsEachReport()" classname="io.opentelemetry.instrumentation.api.internal.SupportabilityMetricsTest" time="0.005"/>
  <testcase name="reportsMetrics()" classname="io.opentelemetry.instrumentation.api.internal.SupportabilityMetricsTest" time="0.002"/>
  <testcase name="disabled()" classname="io.opentelemetry.instrumentation.api.internal.SupportabilityMetricsTest" time="0.001"/>
  <system-out><![CDATA[]]></system-out>
  <system-err><![CDATA[]]></system-err>
</testsuite>
