<?xml version="1.0" encoding="UTF-8"?>
<testsuite name="io.opentelemetry.instrumentation.api.semconv.http.HttpServerMetricsTest" tests="2" skipped="0" failures="0" errors="0" timestamp="2024-03-22T12:44:20" hostname="luyanbo-MBP.local" time="0.021">
  <properties/>
  <testcase name="collectsHttpRouteFromEndAttributes()" classname="io.opentelemetry.instrumentation.api.semconv.http.HttpServerMetricsTest" time="0.009"/>
  <testcase name="collectsMetrics()" classname="io.opentelemetry.instrumentation.api.semconv.http.HttpServerMetricsTest" time="0.011"/>
  <system-out><![CDATA[]]></system-out>
  <system-err><![CDATA[]]></system-err>
</testsuite>
