<?xml version="1.0" encoding="UTF-8"?>
<testsuite name="io.opentelemetry.instrumentation.api.internal.OperationMetricsUtilTest" tests="3" skipped="0" failures="0" errors="0" timestamp="2024-03-22T12:44:18" hostname="luyanbo-MBP.local" time="0.064">
  <properties/>
  <testcase name="noWarningWithNoopMetrics()" classname="io.opentelemetry.instrumentation.api.internal.OperationMetricsUtilTest" time="0.047"/>
  <testcase name="warning()" classname="io.opentelemetry.instrumentation.api.internal.OperationMetricsUtilTest" time="0.006"/>
  <testcase name="noWarning()" classname="io.opentelemetry.instrumentation.api.internal.OperationMetricsUtilTest" time="0.01"/>
  <system-out><![CDATA[]]></system-out>
  <system-err><![CDATA[]]></system-err>
</testsuite>
