<?xml version="1.0" encoding="UTF-8"?>
<testsuite name="io.opentelemetry.instrumentation.api.instrumenter.DefaultSpanStatusExtractorTest" tests="2" skipped="0" failures="0" errors="0" timestamp="2024-03-22T12:44:15" hostname="luyanbo-MBP.local" time="2.307">
  <properties/>
  <testcase name="noException()" classname="io.opentelemetry.instrumentation.api.instrumenter.DefaultSpanStatusExtractorTest" time="2.222"/>
  <testcase name="exception()" classname="io.opentelemetry.instrumentation.api.instrumenter.DefaultSpanStatusExtractorTest" time="0.083"/>
  <system-out><![CDATA[]]></system-out>
  <system-err><![CDATA[]]></system-err>
</testsuite>
