<?xml version="1.0" encoding="UTF-8"?>
<testsuite name="io.opentelemetry.instrumentation.api.semconv.http.HostAddressAndPortExtractorTest" tests="4" skipped="0" failures="0" errors="0" timestamp="2024-03-22T12:44:19" hostname="luyanbo-MBP.local" time="0.058">
  <properties/>
  <testcase name="justHost()" classname="io.opentelemetry.instrumentation.api.semconv.http.HostAddressAndPortExtractorTest" time="0.046"/>
  <testcase name="noHostHeader()" classname="io.opentelemetry.instrumentation.api.semconv.http.HostAddressAndPortExtractorTest" time="0.002"/>
  <testcase name="portIsNotNumeric()" classname="io.opentelemetry.instrumentation.api.semconv.http.HostAddressAndPortExtractorTest" time="0.003"/>
  <testcase name="hostAndPort()" classname="io.opentelemetry.instrumentation.api.semconv.http.HostAddressAndPortExtractorTest" time="0.004"/>
  <system-out><![CDATA[]]></system-out>
  <system-err><![CDATA[]]></system-err>
</testsuite>
