<?xml version="1.0" encoding="UTF-8"?>
<testsuite name="io.opentelemetry.instrumentation.api.semconv.http.HttpClientRequestResendCountTest" tests="2" skipped="0" failures="0" errors="0" timestamp="2024-03-22T12:44:20" hostname="luyanbo-MBP.local" time="0.001">
  <properties/>
  <testcase name="incrementResendCount()" classname="io.opentelemetry.instrumentation.api.semconv.http.HttpClientRequestResendCountTest" time="0.0"/>
  <testcase name="resendCountShouldBeZeroWhenNotInitialized()" classname="io.opentelemetry.instrumentation.api.semconv.http.HttpClientRequestResendCountTest" time="0.0"/>
  <system-out><![CDATA[]]></system-out>
  <system-err><![CDATA[]]></system-err>
</testsuite>
