<?xml version="1.0" encoding="UTF-8"?>
<testsuite name="io.opentelemetry.instrumentation.api.instrumenter.LocalRootSpanTest" tests="6" skipped="0" failures="0" errors="0" timestamp="2024-03-22T12:44:18" hostname="luyanbo-MBP.local" time="0.029">
  <properties/>
  <testcase name="shouldNotGetLocalRootSpanIfThereIsNone()" classname="io.opentelemetry.instrumentation.api.instrumenter.LocalRootSpanTest" time="0.017"/>
  <testcase name="spanWithoutParentIsLocalRoot()" classname="io.opentelemetry.instrumentation.api.instrumenter.LocalRootSpanTest" time="0.002"/>
  <testcase name="shouldGetLocalRootSpan()" classname="io.opentelemetry.instrumentation.api.instrumenter.LocalRootSpanTest" time="0.002"/>
  <testcase name="spanWithInvalidParentIsLocalRoot()" classname="io.opentelemetry.instrumentation.api.instrumenter.LocalRootSpanTest" time="0.001"/>
  <testcase name="spanWithRemoteParentIsLocalRoot()" classname="io.opentelemetry.instrumentation.api.instrumenter.LocalRootSpanTest" time="0.001"/>
  <testcase name="spanWithValidLocalParentIsNotLocalRoot()" classname="io.opentelemetry.instrumentation.api.instrumenter.LocalRootSpanTest" time="0.001"/>
  <system-out><![CDATA[]]></system-out>
  <system-err><![CDATA[]]></system-err>
</testsuite>
